TN:
SF:C:\Users\juwillis\Projects\pwb-install\build\pwa-install.js
FN:1,(anonymous_164)
FN:10,(anonymous_165)
FN:17,(anonymous_166)
FN:410,(anonymous_167)
FN:419,(anonymous_168)
FN:429,(anonymous_169)
FN:437,(anonymous_170)
FN:451,(anonymous_171)
FN:460,(anonymous_172)
FN:465,(anonymous_173)
FN:468,(anonymous_174)
FN:472,(anonymous_175)
FN:489,(anonymous_176)
FN:495,(anonymous_177)
FN:497,(anonymous_178)
FN:503,(anonymous_179)
FN:521,(anonymous_180)
FN:535,(anonymous_181)
FN:548,(anonymous_182)
FN:566,(anonymous_183)
FN:566,(anonymous_184)
FNF:21
FNH:7
FNDA:13,(anonymous_164)
FNDA:1,(anonymous_165)
FNDA:1,(anonymous_166)
FNDA:1,(anonymous_167)
FNDA:0,(anonymous_168)
FNDA:0,(anonymous_169)
FNDA:0,(anonymous_170)
FNDA:1,(anonymous_171)
FNDA:0,(anonymous_172)
FNDA:0,(anonymous_173)
FNDA:1,(anonymous_174)
FNDA:0,(anonymous_175)
FNDA:0,(anonymous_176)
FNDA:1,(anonymous_177)
FNDA:0,(anonymous_178)
FNDA:0,(anonymous_179)
FNDA:0,(anonymous_180)
FNDA:0,(anonymous_181)
FNDA:0,(anonymous_182)
FNDA:0,(anonymous_183)
FNDA:0,(anonymous_184)
DA:1,1
DA:2,13
DA:3,13
DA:4,26
DA:5,13
DA:9,1
DA:11,1
DA:18,1
DA:411,1
DA:412,1
DA:413,1
DA:416,0
DA:419,0
DA:421,0
DA:430,0
DA:437,0
DA:452,1
DA:453,1
DA:454,0
DA:461,0
DA:466,0
DA:469,1
DA:470,1
DA:473,0
DA:474,0
DA:475,0
DA:490,0
DA:496,1
DA:497,0
DA:503,0
DA:521,0
DA:536,0
DA:549,0
DA:566,0
DA:574,1
LF:35
LH:17
BRDA:2,0,0,1
BRDA:2,0,1,12
BRDA:2,1,0,0
BRDA:2,1,1,12
BRDA:3,2,0,0
BRDA:3,2,1,13
BRDA:3,3,0,13
BRDA:3,3,1,13
BRDA:4,4,0,13
BRDA:4,4,1,13
BRDA:4,5,0,13
BRDA:4,5,1,12
BRDA:4,6,0,1
BRDA:4,6,1,12
BRDA:4,7,0,12
BRDA:4,7,1,0
BRDA:5,8,0,13
BRDA:5,8,1,12
BRDA:5,8,2,0
BRDA:411,9,0,1
BRDA:411,9,1,0
BRDA:430,10,0,0
BRDA:430,10,1,0
BRDA:442,11,0,0
BRDA:442,11,1,0
BRDA:438,12,0,0
BRDA:438,12,1,0
BRDA:446,13,0,0
BRDA:446,13,1,0
BRDA:437,14,0,0
BRDA:437,14,1,0
BRDA:455,15,0,0
BRDA:455,15,1,0
BRDA:461,16,0,0
BRDA:461,16,1,0
BRDA:469,17,0,1
BRDA:469,17,1,0
BRDA:469,17,2,0
BRDA:470,18,0,1
BRDA:470,18,1,1
BRDA:473,19,0,0
BRDA:473,19,1,0
BRDA:477,20,0,0
BRDA:477,20,1,0
BRDA:491,21,0,0
BRDA:491,21,1,0
BRDA:497,22,0,0
BRDA:497,22,1,1
BRDA:503,23,0,0
BRDA:503,23,1,1
BRDA:506,24,0,0
BRDA:506,24,1,1
BRDA:510,25,0,0
BRDA:510,25,1,0
BRDA:532,26,0,0
BRDA:532,26,1,0
BRDA:535,27,0,0
BRDA:535,27,1,0
BRDA:544,28,0,0
BRDA:544,28,1,0
BRDA:568,29,0,0
BRDA:568,29,1,0
BRDA:566,30,0,0
BRDA:566,30,1,0
BRF:64
BRH:22
end_of_record
TN:
SF:C:\Users\juwillis\Projects\pwb-install\dist\pwa-install.js
FNF:0
FNH:0
LF:0
LH:0
BRF:0
BRH:0
end_of_record
