TN:
SF:C:\Users\juwillis\Projects\pwb-install\build\pwa-install.js
FN:1,(anonymous_144)
FN:9,(anonymous_145)
FN:24,(anonymous_146)
FN:491,(anonymous_147)
FN:503,(anonymous_148)
FN:511,(anonymous_149)
FN:519,(anonymous_150)
FN:533,(anonymous_151)
FN:548,(anonymous_152)
FN:553,(anonymous_153)
FN:562,(anonymous_154)
FN:572,(anonymous_155)
FN:577,(anonymous_156)
FN:582,(anonymous_157)
FN:590,(anonymous_158)
FN:620,(anonymous_159)
FN:628,(anonymous_160)
FN:630,(anonymous_161)
FN:636,(anonymous_162)
FN:654,(anonymous_163)
FN:668,(anonymous_164)
FN:679,(anonymous_165)
FN:683,(anonymous_166)
FN:689,(anonymous_167)
FN:703,(anonymous_168)
FN:703,(anonymous_169)
FNF:26
FNH:9
FNDA:17,(anonymous_144)
FNDA:16,(anonymous_145)
FNDA:1,(anonymous_146)
FNDA:16,(anonymous_147)
FNDA:0,(anonymous_148)
FNDA:0,(anonymous_149)
FNDA:0,(anonymous_150)
FNDA:18,(anonymous_151)
FNDA:0,(anonymous_152)
FNDA:0,(anonymous_153)
FNDA:0,(anonymous_154)
FNDA:2,(anonymous_155)
FNDA:0,(anonymous_156)
FNDA:42,(anonymous_157)
FNDA:0,(anonymous_158)
FNDA:1,(anonymous_159)
FNDA:19,(anonymous_160)
FNDA:0,(anonymous_161)
FNDA:0,(anonymous_162)
FNDA:0,(anonymous_163)
FNDA:0,(anonymous_164)
FNDA:0,(anonymous_165)
FNDA:0,(anonymous_166)
FNDA:0,(anonymous_167)
FNDA:0,(anonymous_168)
FNDA:0,(anonymous_169)
DA:1,1
DA:2,17
DA:3,17
DA:4,34
DA:5,17
DA:8,1
DA:10,16
DA:25,1
DA:492,16
DA:493,16
DA:494,16
DA:497,0
DA:500,9
DA:505,0
DA:512,0
DA:519,0
DA:534,18
DA:535,18
DA:536,12
DA:538,0
DA:541,0
DA:545,11
DA:549,0
DA:554,0
DA:556,0
DA:563,0
DA:564,0
DA:573,2
DA:574,2
DA:575,2
DA:578,0
DA:579,0
DA:580,0
DA:583,42
DA:587,42
DA:591,0
DA:592,0
DA:593,0
DA:594,0
DA:595,0
DA:596,0
DA:597,0
DA:600,0
DA:602,0
DA:605,0
DA:611,0
DA:613,0
DA:621,1
DA:625,1
DA:626,1
DA:629,19
DA:630,0
DA:636,0
DA:654,0
DA:669,0
DA:679,0
DA:684,0
DA:689,0
DA:703,0
DA:711,1
LF:60
LH:26
BRDA:2,0,0,1
BRDA:2,0,1,16
BRDA:2,1,0,0
BRDA:2,1,1,16
BRDA:3,2,0,0
BRDA:3,2,1,17
BRDA:3,3,0,17
BRDA:3,3,1,17
BRDA:4,4,0,17
BRDA:4,4,1,17
BRDA:4,5,0,17
BRDA:4,5,1,16
BRDA:4,6,0,1
BRDA:4,6,1,16
BRDA:4,7,0,16
BRDA:4,7,1,0
BRDA:5,8,0,17
BRDA:5,8,1,16
BRDA:5,8,2,0
BRDA:21,9,0,16
BRDA:21,9,1,16
BRDA:492,10,0,16
BRDA:492,10,1,0
BRDA:500,11,0,9
BRDA:500,11,1,0
BRDA:512,12,0,0
BRDA:512,12,1,0
BRDA:524,13,0,0
BRDA:524,13,1,0
BRDA:520,14,0,0
BRDA:520,14,1,0
BRDA:528,15,0,0
BRDA:528,15,1,0
BRDA:519,16,0,0
BRDA:519,16,1,0
BRDA:538,17,0,0
BRDA:538,17,1,0
BRDA:549,18,0,0
BRDA:549,18,1,0
BRDA:583,19,0,42
BRDA:583,19,1,3
BRDA:583,19,2,42
BRDA:583,19,3,42
BRDA:591,20,0,0
BRDA:591,20,1,0
BRDA:596,21,0,0
BRDA:596,21,1,0
BRDA:622,22,0,1
BRDA:622,22,1,0
BRDA:630,23,0,0
BRDA:630,23,1,19
BRDA:630,24,0,19
BRDA:630,24,1,19
BRDA:630,24,2,19
BRDA:630,24,3,0
BRDA:630,24,4,0
BRDA:636,25,0,1
BRDA:636,25,1,18
BRDA:639,26,0,1
BRDA:639,26,1,18
BRDA:643,27,0,0
BRDA:643,27,1,1
BRDA:665,28,0,0
BRDA:665,28,1,0
BRDA:668,29,0,0
BRDA:668,29,1,0
BRDA:677,30,0,0
BRDA:677,30,1,0
BRDA:705,31,0,0
BRDA:705,31,1,0
BRDA:703,32,0,0
BRDA:703,32,1,0
BRF:72
BRH:33
end_of_record
TN:
SF:C:\Users\juwillis\Projects\pwb-install\dist\pwa-install.js
FNF:0
FNH:0
LF:0
LH:0
BRF:0
BRH:0
end_of_record
